[3.470s] Invoking command in '/mnt/c/Project/DSS_ROS2/dss_ros2_ws/src/build/dss_bridge': PYTHONPATH=/mnt/c/Project/DSS_ROS2/dss_ros2_ws/src/build/dss_bridge/prefix_override:/home/tukorea/.local/lib/python3.10/site-packages/colcon_core/task/python/colcon_distutils_commands:/mnt/c/Project/DSS_ROS2/dss_ros2_ws/src/install/dss_bridge/lib/python3.10/site-packages:${PYTHONPATH} /usr/bin/python3 -W ignore:setup.py install is deprecated -W ignore:easy_install command is deprecated setup.py develop --editable --build-directory /mnt/c/Project/DSS_ROS2/dss_ros2_ws/src/build/dss_bridge/build --no-deps symlink_data
[5.772s] running develop
[6.296s] running egg_info
[6.298s] creating dss_bridge.egg-info
[6.301s] writing dss_bridge.egg-info/PKG-INFO
[6.314s] writing dependency_links to dss_bridge.egg-info/dependency_links.txt
[6.327s] writing entry points to dss_bridge.egg-info/entry_points.txt
[6.337s] writing requirements to dss_bridge.egg-info/requires.txt
[6.344s] writing top-level names to dss_bridge.egg-info/top_level.txt
[6.355s] writing manifest file 'dss_bridge.egg-info/SOURCES.txt'
[7.377s] reading manifest file 'dss_bridge.egg-info/SOURCES.txt'
[8.081s] writing manifest file 'dss_bridge.egg-info/SOURCES.txt'
[8.116s] running build_ext
[8.130s] Creating /mnt/c/Project/DSS_ROS2/dss_ros2_ws/src/install/dss_bridge/lib/python3.10/site-packages/dss-bridge.egg-link (link to .)
[8.198s] Installing dss_bridge_node script to /mnt/c/Project/DSS_ROS2/dss_ros2_ws/src/install/dss_bridge/lib/dss_bridge
[8.233s] Installing dss_car_control_node script to /mnt/c/Project/DSS_ROS2/dss_ros2_ws/src/install/dss_bridge/lib/dss_bridge
[8.278s] 
[8.279s] Installed /mnt/c/Project/DSS_ROS2/dss_ros2_ws/src/build/dss_bridge
[8.286s] running symlink_data
[8.301s] creating /mnt/c/Project/DSS_ROS2/dss_ros2_ws/src/install/dss_bridge/share/ament_index
[8.312s] creating /mnt/c/Project/DSS_ROS2/dss_ros2_ws/src/install/dss_bridge/share/ament_index/resource_index
[8.321s] creating /mnt/c/Project/DSS_ROS2/dss_ros2_ws/src/install/dss_bridge/share/ament_index/resource_index/packages
[8.365s] symbolically linking /mnt/c/Project/DSS_ROS2/dss_ros2_ws/src/build/dss_bridge/resource/dss_bridge -> /mnt/c/Project/DSS_ROS2/dss_ros2_ws/src/install/dss_bridge/share/ament_index/resource_index/packages
[8.430s] symbolically linking /mnt/c/Project/DSS_ROS2/dss_ros2_ws/src/build/dss_bridge/package.xml -> /mnt/c/Project/DSS_ROS2/dss_ros2_ws/src/install/dss_bridge/share/dss_bridge
[8.479s] Invoked command in '/mnt/c/Project/DSS_ROS2/dss_ros2_ws/src/build/dss_bridge' returned '0': PYTHONPATH=/mnt/c/Project/DSS_ROS2/dss_ros2_ws/src/build/dss_bridge/prefix_override:/home/tukorea/.local/lib/python3.10/site-packages/colcon_core/task/python/colcon_distutils_commands:/mnt/c/Project/DSS_ROS2/dss_ros2_ws/src/install/dss_bridge/lib/python3.10/site-packages:${PYTHONPATH} /usr/bin/python3 -W ignore:setup.py install is deprecated -W ignore:easy_install command is deprecated setup.py develop --editable --build-directory /mnt/c/Project/DSS_ROS2/dss_ros2_ws/src/build/dss_bridge/build --no-deps symlink_data
