-- The C compiler identification is GNU 11.4.0
-- The CXX compiler identification is GNU 11.4.0
-- Detecting C compiler ABI info
-- Detecting C compiler ABI info - done
-- Check for working C compiler: /usr/bin/cc - skipped
-- Detecting C compile features
-- Detecting C compile features - done
-- Detecting CXX compiler ABI info
-- Detecting CXX compiler ABI info - done
-- Check for working CXX compiler: /usr/bin/c++ - skipped
-- Detecting CXX compile features
-- Detecting CXX compile features - done
-- Found ament_cmake: 1.3.12 (/opt/ros/humble/share/ament_cmake/cmake)
-- Found Python3: /usr/bin/python3 (found version "3.10.12") found components: Interpreter 
-- Override CMake install command with custom implementation using symlinks instead of copying resources
-- Found rclcpp: 16.0.14 (/opt/ros/humble/share/rclcpp/cmake)
-- Found rosidl_generator_c: 3.1.7 (/opt/ros/humble/share/rosidl_generator_c/cmake)
-- Found rosidl_adapter: 3.1.7 (/opt/ros/humble/share/rosidl_adapter/cmake)
-- Found rosidl_generator_cpp: 3.1.7 (/opt/ros/humble/share/rosidl_generator_cpp/cmake)
-- Using all available rosidl_typesupport_c: rosidl_typesupport_fastrtps_c;rosidl_typesupport_introspection_c
-- Using all available rosidl_typesupport_cpp: rosidl_typesupport_fastrtps_cpp;rosidl_typesupport_introspection_cpp
-- Found rmw_implementation_cmake: 6.1.2 (/opt/ros/humble/share/rmw_implementation_cmake/cmake)
-- Found rmw_fastrtps_cpp: 6.2.8 (/opt/ros/humble/share/rmw_fastrtps_cpp/cmake)
-- Found OpenSSL: /usr/lib/x86_64-linux-gnu/libcrypto.so (found version "3.0.2")  
-- Found FastRTPS: /opt/ros/humble/include  
-- Using RMW implementation 'rmw_fastrtps_cpp' as default
-- Looking for pthread.h
-- Looking for pthread.h - found
-- Performing Test CMAKE_HAVE_LIBC_PTHREAD
-- Performing Test CMAKE_HAVE_LIBC_PTHREAD - Success
-- Found Threads: TRUE  
-- Found sensor_msgs: 4.9.0 (/opt/ros/humble/share/sensor_msgs/cmake)
-- Found tf2: 0.25.16 (/opt/ros/humble/share/tf2/cmake)
-- Found tf2_geometry_msgs: 0.25.16 (/opt/ros/humble/share/tf2_geometry_msgs/cmake)
-- Found eigen3_cmake_module: 0.1.1 (/opt/ros/humble/share/eigen3_cmake_module/cmake)
-- Found Eigen3: TRUE (found version "3.4.0") 
-- Ensuring Eigen3 include directory is part of orocos-kdl CMake target
-- Found nlohmann_json: /usr/lib/cmake/nlohmann_json/nlohmann_jsonConfig.cmake (found suitable version "3.10.5", minimum required is "3.2.0") 
-- Found ament_lint_auto: 0.12.14 (/opt/ros/humble/share/ament_lint_auto/cmake)
-- Added test 'cppcheck' to perform static code analysis on C / C++ code
-- Configured cppcheck include dirs: 
-- Configured cppcheck exclude dirs and/or files: 
-- Added test 'flake8' to check Python code syntax and style conventions
-- Added test 'lint_cmake' to check CMake code style
-- Added test 'pep257' to check Python code against some of the docstring style conventions in PEP 257
-- Added test 'uncrustify' to check C / C++ code style
-- Configured uncrustify additional arguments: 
-- Added test 'xmllint' to check XML markup files
-- Configuring done
-- Generating done
-- Build files have been written to: /mnt/c/Project/DSS_ROS2/dss_ros2_ws/src/build/dss_imu_steering_control
[ 50%] [32mBuilding CXX object CMakeFiles/imu_steering_control_node.dir/src/imu_steering_control_node.cpp.o[0m
[100%] [32m[1mLinking CXX executable imu_steering_control_node[0m
[100%] Built target imu_steering_control_node
-- Install configuration: ""
-- Execute custom install script
-- Symlinking: /mnt/c/Project/DSS_ROS2/dss_ros2_ws/src/install/dss_imu_steering_control/lib/dss_imu_steering_control/imu_steering_control_node
-- Symlinking: /mnt/c/Project/DSS_ROS2/dss_ros2_ws/src/install/dss_imu_steering_control/share/dss_imu_steering_control/ui/steering_control.ui
-- Symlinking: /mnt/c/Project/DSS_ROS2/dss_ros2_ws/src/install/dss_imu_steering_control/lib/dss_imu_steering_control/simple_steering_gui.py
-- Symlinking: /mnt/c/Project/DSS_ROS2/dss_ros2_ws/src/install/dss_imu_steering_control/share/ament_index/resource_index/package_run_dependencies/dss_imu_steering_control
-- Symlinking: /mnt/c/Project/DSS_ROS2/dss_ros2_ws/src/install/dss_imu_steering_control/share/ament_index/resource_index/parent_prefix_path/dss_imu_steering_control
-- Symlinking: /mnt/c/Project/DSS_ROS2/dss_ros2_ws/src/install/dss_imu_steering_control/share/dss_imu_steering_control/environment/ament_prefix_path.sh
-- Symlinking: /mnt/c/Project/DSS_ROS2/dss_ros2_ws/src/install/dss_imu_steering_control/share/dss_imu_steering_control/environment/ament_prefix_path.dsv
-- Symlinking: /mnt/c/Project/DSS_ROS2/dss_ros2_ws/src/install/dss_imu_steering_control/share/dss_imu_steering_control/environment/path.sh
-- Symlinking: /mnt/c/Project/DSS_ROS2/dss_ros2_ws/src/install/dss_imu_steering_control/share/dss_imu_steering_control/environment/path.dsv
-- Symlinking: /mnt/c/Project/DSS_ROS2/dss_ros2_ws/src/install/dss_imu_steering_control/share/dss_imu_steering_control/local_setup.bash
-- Symlinking: /mnt/c/Project/DSS_ROS2/dss_ros2_ws/src/install/dss_imu_steering_control/share/dss_imu_steering_control/local_setup.sh
-- Symlinking: /mnt/c/Project/DSS_ROS2/dss_ros2_ws/src/install/dss_imu_steering_control/share/dss_imu_steering_control/local_setup.zsh
-- Symlinking: /mnt/c/Project/DSS_ROS2/dss_ros2_ws/src/install/dss_imu_steering_control/share/dss_imu_steering_control/local_setup.dsv
-- Symlinking: /mnt/c/Project/DSS_ROS2/dss_ros2_ws/src/install/dss_imu_steering_control/share/dss_imu_steering_control/package.dsv
-- Symlinking: /mnt/c/Project/DSS_ROS2/dss_ros2_ws/src/install/dss_imu_steering_control/share/ament_index/resource_index/packages/dss_imu_steering_control
-- Symlinking: /mnt/c/Project/DSS_ROS2/dss_ros2_ws/src/install/dss_imu_steering_control/share/dss_imu_steering_control/cmake/dss_imu_steering_controlConfig.cmake
-- Symlinking: /mnt/c/Project/DSS_ROS2/dss_ros2_ws/src/install/dss_imu_steering_control/share/dss_imu_steering_control/cmake/dss_imu_steering_controlConfig-version.cmake
-- Symlinking: /mnt/c/Project/DSS_ROS2/dss_ros2_ws/src/install/dss_imu_steering_control/share/dss_imu_steering_control/package.xml
