[0.688s] Invoking command in '/mnt/c/Project/DSS_ROS2/dss_ros2_ws/src/build/dss_imu_steering_control': CMAKE_PREFIX_PATH=/opt/ros/humble /usr/bin/cmake /mnt/c/Project/DSS_ROS2/dss_ros2_ws/src/dss_imu_steering_control -DAMENT_CMAKE_SYMLINK_INSTALL=1 -DCMAKE_INSTALL_PREFIX=/mnt/c/Project/DSS_ROS2/dss_ros2_ws/src/install/dss_imu_steering_control
[1.384s] -- The C compiler identification is GNU 11.4.0
[3.113s] -- The CXX compiler identification is GNU 11.4.0
[4.392s] -- Detecting C compiler ABI info
[5.952s] -- Detecting C compiler ABI info - done
[6.011s] -- Check for working C compiler: /usr/bin/cc - skipped
[6.014s] -- Detecting C compile features
[6.017s] -- Detecting C compile features - done
[6.167s] -- Detecting CXX compiler ABI info
[7.837s] -- Detecting CXX compiler ABI info - done
[7.909s] -- Check for working CXX compiler: /usr/bin/c++ - skipped
[7.911s] -- Detecting CXX compile features
[7.913s] -- Detecting CXX compile features - done
[8.066s] -- Found ament_cmake: 1.3.12 (/opt/ros/humble/share/ament_cmake/cmake)
[8.214s] -- Found Python3: /usr/bin/python3 (found version "3.10.12") found components: Interpreter 
[8.496s] -- Override CMake install command with custom implementation using symlinks instead of copying resources
[8.798s] -- Found rclcpp: 16.0.14 (/opt/ros/humble/share/rclcpp/cmake)
[9.031s] -- Found rosidl_generator_c: 3.1.7 (/opt/ros/humble/share/rosidl_generator_c/cmake)
[9.042s] -- Found rosidl_adapter: 3.1.7 (/opt/ros/humble/share/rosidl_adapter/cmake)
[9.048s] -- Found rosidl_generator_cpp: 3.1.7 (/opt/ros/humble/share/rosidl_generator_cpp/cmake)
[9.072s] -- Using all available rosidl_typesupport_c: rosidl_typesupport_fastrtps_c;rosidl_typesupport_introspection_c
[9.099s] -- Using all available rosidl_typesupport_cpp: rosidl_typesupport_fastrtps_cpp;rosidl_typesupport_introspection_cpp
[9.147s] -- Found rmw_implementation_cmake: 6.1.2 (/opt/ros/humble/share/rmw_implementation_cmake/cmake)
[9.156s] -- Found rmw_fastrtps_cpp: 6.2.8 (/opt/ros/humble/share/rmw_fastrtps_cpp/cmake)
[10.036s] -- Found OpenSSL: /usr/lib/x86_64-linux-gnu/libcrypto.so (found version "3.0.2")  
[11.431s] -- Found FastRTPS: /opt/ros/humble/include  
[13.205s] -- Using RMW implementation 'rmw_fastrtps_cpp' as default
[13.303s] -- Looking for pthread.h
[14.748s] -- Looking for pthread.h - found
[14.785s] -- Performing Test CMAKE_HAVE_LIBC_PTHREAD
[16.356s] -- Performing Test CMAKE_HAVE_LIBC_PTHREAD - Success
[16.374s] -- Found Threads: TRUE  
[16.428s] -- Found sensor_msgs: 4.9.0 (/opt/ros/humble/share/sensor_msgs/cmake)
[16.461s] -- Found tf2: 0.25.16 (/opt/ros/humble/share/tf2/cmake)
[16.469s] -- Found tf2_geometry_msgs: 0.25.16 (/opt/ros/humble/share/tf2_geometry_msgs/cmake)
[16.658s] -- Found eigen3_cmake_module: 0.1.1 (/opt/ros/humble/share/eigen3_cmake_module/cmake)
[16.664s] -- Found Eigen3: TRUE (found version "3.4.0") 
[16.668s] -- Ensuring Eigen3 include directory is part of orocos-kdl CMake target
[16.767s] -- Found nlohmann_json: /usr/lib/cmake/nlohmann_json/nlohmann_jsonConfig.cmake (found suitable version "3.10.5", minimum required is "3.2.0") 
[16.995s] -- Found ament_lint_auto: 0.12.14 (/opt/ros/humble/share/ament_lint_auto/cmake)
[20.830s] -- Added test 'cppcheck' to perform static code analysis on C / C++ code
[20.831s] -- Configured cppcheck include dirs: 
[20.832s] -- Configured cppcheck exclude dirs and/or files: 
[21.077s] -- Added test 'flake8' to check Python code syntax and style conventions
[21.742s] -- Added test 'lint_cmake' to check CMake code style
[22.065s] -- Added test 'pep257' to check Python code against some of the docstring style conventions in PEP 257
[24.447s] -- Added test 'uncrustify' to check C / C++ code style
[24.449s] -- Configured uncrustify additional arguments: 
[24.715s] -- Added test 'xmllint' to check XML markup files
[25.052s] -- Configuring done
[25.857s] -- Generating done
[26.274s] -- Build files have been written to: /mnt/c/Project/DSS_ROS2/dss_ros2_ws/src/build/dss_imu_steering_control
[26.283s] Invoked command in '/mnt/c/Project/DSS_ROS2/dss_ros2_ws/src/build/dss_imu_steering_control' returned '0': CMAKE_PREFIX_PATH=/opt/ros/humble /usr/bin/cmake /mnt/c/Project/DSS_ROS2/dss_ros2_ws/src/dss_imu_steering_control -DAMENT_CMAKE_SYMLINK_INSTALL=1 -DCMAKE_INSTALL_PREFIX=/mnt/c/Project/DSS_ROS2/dss_ros2_ws/src/install/dss_imu_steering_control
[26.299s] Invoking command in '/mnt/c/Project/DSS_ROS2/dss_ros2_ws/src/build/dss_imu_steering_control': CMAKE_PREFIX_PATH=/opt/ros/humble /usr/bin/cmake --build /mnt/c/Project/DSS_ROS2/dss_ros2_ws/src/build/dss_imu_steering_control -- -j16 -l16
[26.695s] [ 50%] [32mBuilding CXX object CMakeFiles/imu_steering_control_node.dir/src/imu_steering_control_node.cpp.o[0m
[44.300s] [100%] [32m[1mLinking CXX executable imu_steering_control_node[0m
[57.429s] [100%] Built target imu_steering_control_node
[57.490s] Invoked command in '/mnt/c/Project/DSS_ROS2/dss_ros2_ws/src/build/dss_imu_steering_control' returned '0': CMAKE_PREFIX_PATH=/opt/ros/humble /usr/bin/cmake --build /mnt/c/Project/DSS_ROS2/dss_ros2_ws/src/build/dss_imu_steering_control -- -j16 -l16
[57.541s] Invoking command in '/mnt/c/Project/DSS_ROS2/dss_ros2_ws/src/build/dss_imu_steering_control': CMAKE_PREFIX_PATH=/opt/ros/humble /usr/bin/cmake --install /mnt/c/Project/DSS_ROS2/dss_ros2_ws/src/build/dss_imu_steering_control
[57.569s] -- Install configuration: ""
[57.599s] -- Execute custom install script
[57.640s] -- Symlinking: /mnt/c/Project/DSS_ROS2/dss_ros2_ws/src/install/dss_imu_steering_control/lib/dss_imu_steering_control/imu_steering_control_node
[57.825s] -- Symlinking: /mnt/c/Project/DSS_ROS2/dss_ros2_ws/src/install/dss_imu_steering_control/share/dss_imu_steering_control/ui/steering_control.ui
[57.939s] -- Symlinking: /mnt/c/Project/DSS_ROS2/dss_ros2_ws/src/install/dss_imu_steering_control/lib/dss_imu_steering_control/simple_steering_gui.py
[58.039s] -- Symlinking: /mnt/c/Project/DSS_ROS2/dss_ros2_ws/src/install/dss_imu_steering_control/share/ament_index/resource_index/package_run_dependencies/dss_imu_steering_control
[58.164s] -- Symlinking: /mnt/c/Project/DSS_ROS2/dss_ros2_ws/src/install/dss_imu_steering_control/share/ament_index/resource_index/parent_prefix_path/dss_imu_steering_control
[58.265s] -- Symlinking: /mnt/c/Project/DSS_ROS2/dss_ros2_ws/src/install/dss_imu_steering_control/share/dss_imu_steering_control/environment/ament_prefix_path.sh
[58.345s] -- Symlinking: /mnt/c/Project/DSS_ROS2/dss_ros2_ws/src/install/dss_imu_steering_control/share/dss_imu_steering_control/environment/ament_prefix_path.dsv
[58.404s] -- Symlinking: /mnt/c/Project/DSS_ROS2/dss_ros2_ws/src/install/dss_imu_steering_control/share/dss_imu_steering_control/environment/path.sh
[58.484s] -- Symlinking: /mnt/c/Project/DSS_ROS2/dss_ros2_ws/src/install/dss_imu_steering_control/share/dss_imu_steering_control/environment/path.dsv
[58.565s] -- Symlinking: /mnt/c/Project/DSS_ROS2/dss_ros2_ws/src/install/dss_imu_steering_control/share/dss_imu_steering_control/local_setup.bash
[58.638s] -- Symlinking: /mnt/c/Project/DSS_ROS2/dss_ros2_ws/src/install/dss_imu_steering_control/share/dss_imu_steering_control/local_setup.sh
[58.714s] -- Symlinking: /mnt/c/Project/DSS_ROS2/dss_ros2_ws/src/install/dss_imu_steering_control/share/dss_imu_steering_control/local_setup.zsh
[58.778s] -- Symlinking: /mnt/c/Project/DSS_ROS2/dss_ros2_ws/src/install/dss_imu_steering_control/share/dss_imu_steering_control/local_setup.dsv
[58.853s] -- Symlinking: /mnt/c/Project/DSS_ROS2/dss_ros2_ws/src/install/dss_imu_steering_control/share/dss_imu_steering_control/package.dsv
[58.955s] -- Symlinking: /mnt/c/Project/DSS_ROS2/dss_ros2_ws/src/install/dss_imu_steering_control/share/ament_index/resource_index/packages/dss_imu_steering_control
[59.065s] -- Symlinking: /mnt/c/Project/DSS_ROS2/dss_ros2_ws/src/install/dss_imu_steering_control/share/dss_imu_steering_control/cmake/dss_imu_steering_controlConfig.cmake
[59.141s] -- Symlinking: /mnt/c/Project/DSS_ROS2/dss_ros2_ws/src/install/dss_imu_steering_control/share/dss_imu_steering_control/cmake/dss_imu_steering_controlConfig-version.cmake
[59.231s] -- Symlinking: /mnt/c/Project/DSS_ROS2/dss_ros2_ws/src/install/dss_imu_steering_control/share/dss_imu_steering_control/package.xml
[60.313s] Invoked command in '/mnt/c/Project/DSS_ROS2/dss_ros2_ws/src/build/dss_imu_steering_control' returned '0': CMAKE_PREFIX_PATH=/opt/ros/humble /usr/bin/cmake --install /mnt/c/Project/DSS_ROS2/dss_ros2_ws/src/build/dss_imu_steering_control
