[0.595s] Invoking command in '/mnt/c/Project/DSS_ROS2/dss_ros2_ws/src/build/dss_cruise_control': CMAKE_PREFIX_PATH=/opt/ros/humble /usr/bin/cmake /mnt/c/Project/DSS_ROS2/dss_ros2_ws/src/dss_cruise_control -DAMENT_CMAKE_SYMLINK_INSTALL=1 -DCMAKE_INSTALL_PREFIX=/mnt/c/Project/DSS_ROS2/dss_ros2_ws/src/install/dss_cruise_control
[1.391s] -- The C compiler identification is GNU 11.4.0
[3.094s] -- The CXX compiler identification is GNU 11.4.0
[4.295s] -- Detecting C compiler ABI info
[5.858s] -- Detecting C compiler ABI info - done
[5.942s] -- Check for working C compiler: /usr/bin/cc - skipped
[5.947s] -- Detecting C compile features
[5.951s] -- Detecting C compile features - done
[6.093s] -- Detecting CXX compiler ABI info
[7.781s] -- Detecting CXX compiler ABI info - done
[7.840s] -- Check for working CXX compiler: /usr/bin/c++ - skipped
[7.842s] -- Detecting CXX compile features
[7.845s] -- Detecting CXX compile features - done
[8.016s] -- Found ament_cmake: 1.3.12 (/opt/ros/humble/share/ament_cmake/cmake)
[8.171s] -- Found Python3: /usr/bin/python3 (found version "3.10.12") found components: Interpreter 
[8.445s] -- Override CMake install command with custom implementation using symlinks instead of copying resources
[8.787s] -- Found rclcpp: 16.0.14 (/opt/ros/humble/share/rclcpp/cmake)
[9.045s] -- Found rosidl_generator_c: 3.1.7 (/opt/ros/humble/share/rosidl_generator_c/cmake)
[9.054s] -- Found rosidl_adapter: 3.1.7 (/opt/ros/humble/share/rosidl_adapter/cmake)
[9.065s] -- Found rosidl_generator_cpp: 3.1.7 (/opt/ros/humble/share/rosidl_generator_cpp/cmake)
[9.089s] -- Using all available rosidl_typesupport_c: rosidl_typesupport_fastrtps_c;rosidl_typesupport_introspection_c
[9.117s] -- Using all available rosidl_typesupport_cpp: rosidl_typesupport_fastrtps_cpp;rosidl_typesupport_introspection_cpp
[9.166s] -- Found rmw_implementation_cmake: 6.1.2 (/opt/ros/humble/share/rmw_implementation_cmake/cmake)
[9.169s] -- Found rmw_fastrtps_cpp: 6.2.8 (/opt/ros/humble/share/rmw_fastrtps_cpp/cmake)
[10.051s] -- Found OpenSSL: /usr/lib/x86_64-linux-gnu/libcrypto.so (found version "3.0.2")  
[11.480s] -- Found FastRTPS: /opt/ros/humble/include  
[13.224s] -- Using RMW implementation 'rmw_fastrtps_cpp' as default
[13.317s] -- Looking for pthread.h
[14.796s] -- Looking for pthread.h - found
[14.827s] -- Performing Test CMAKE_HAVE_LIBC_PTHREAD
[16.369s] -- Performing Test CMAKE_HAVE_LIBC_PTHREAD - Success
[16.386s] -- Found Threads: TRUE  
[16.442s] -- Found nav_msgs: 4.9.0 (/opt/ros/humble/share/nav_msgs/cmake)
[16.474s] -- Found nlohmann_json: /usr/lib/cmake/nlohmann_json/nlohmann_jsonConfig.cmake (found version "3.10.5") 
[16.583s] -- Found ament_lint_auto: 0.12.14 (/opt/ros/humble/share/ament_lint_auto/cmake)
[17.977s] -- Added test 'copyright' to check source files copyright and LICENSE
[18.940s] -- Added test 'cppcheck' to perform static code analysis on C / C++ code
[18.942s] -- Configured cppcheck include dirs: 
[18.945s] -- Configured cppcheck exclude dirs and/or files: 
[19.980s] -- Added test 'cpplint' to check C / C++ code against the Google style
[19.982s] -- Configured cpplint exclude dirs and/or files: 
[20.108s] -- Added test 'flake8' to check Python code syntax and style conventions
[20.339s] -- Added test 'lint_cmake' to check CMake code style
[20.464s] -- Added test 'pep257' to check Python code against some of the docstring style conventions in PEP 257
[21.261s] -- Added test 'uncrustify' to check C / C++ code style
[21.263s] -- Configured uncrustify additional arguments: 
[21.384s] -- Added test 'xmllint' to check XML markup files
[21.807s] -- Configuring done
[22.649s] -- Generating done
[23.119s] -- Build files have been written to: /mnt/c/Project/DSS_ROS2/dss_ros2_ws/src/build/dss_cruise_control
[23.127s] Invoked command in '/mnt/c/Project/DSS_ROS2/dss_ros2_ws/src/build/dss_cruise_control' returned '0': CMAKE_PREFIX_PATH=/opt/ros/humble /usr/bin/cmake /mnt/c/Project/DSS_ROS2/dss_ros2_ws/src/dss_cruise_control -DAMENT_CMAKE_SYMLINK_INSTALL=1 -DCMAKE_INSTALL_PREFIX=/mnt/c/Project/DSS_ROS2/dss_ros2_ws/src/install/dss_cruise_control
[23.155s] Invoking command in '/mnt/c/Project/DSS_ROS2/dss_ros2_ws/src/build/dss_cruise_control': CMAKE_PREFIX_PATH=/opt/ros/humble /usr/bin/cmake --build /mnt/c/Project/DSS_ROS2/dss_ros2_ws/src/build/dss_cruise_control -- -j16 -l16
[23.612s] [ 50%] [32mBuilding CXX object CMakeFiles/cruise_control_node.dir/src/cruise_control_node.cpp.o[0m
[41.960s] [100%] [32m[1mLinking CXX executable cruise_control_node[0m
[56.540s] [100%] Built target cruise_control_node
[56.599s] Invoked command in '/mnt/c/Project/DSS_ROS2/dss_ros2_ws/src/build/dss_cruise_control' returned '0': CMAKE_PREFIX_PATH=/opt/ros/humble /usr/bin/cmake --build /mnt/c/Project/DSS_ROS2/dss_ros2_ws/src/build/dss_cruise_control -- -j16 -l16
[56.659s] Invoking command in '/mnt/c/Project/DSS_ROS2/dss_ros2_ws/src/build/dss_cruise_control': CMAKE_PREFIX_PATH=/opt/ros/humble /usr/bin/cmake --install /mnt/c/Project/DSS_ROS2/dss_ros2_ws/src/build/dss_cruise_control
[56.691s] -- Install configuration: ""
[56.727s] -- Execute custom install script
[56.789s] -- Symlinking: /mnt/c/Project/DSS_ROS2/dss_ros2_ws/src/install/dss_cruise_control/lib/dss_cruise_control/cruise_control_node
[56.942s] -- Symlinking: /mnt/c/Project/DSS_ROS2/dss_ros2_ws/src/install/dss_cruise_control/share/dss_cruise_control//launch/cruise_control.launch.py
[57.099s] -- Symlinking: /mnt/c/Project/DSS_ROS2/dss_ros2_ws/src/install/dss_cruise_control/share/ament_index/resource_index/package_run_dependencies/dss_cruise_control
[57.255s] -- Symlinking: /mnt/c/Project/DSS_ROS2/dss_ros2_ws/src/install/dss_cruise_control/share/ament_index/resource_index/parent_prefix_path/dss_cruise_control
[57.411s] -- Symlinking: /mnt/c/Project/DSS_ROS2/dss_ros2_ws/src/install/dss_cruise_control/share/dss_cruise_control/environment/ament_prefix_path.sh
[57.499s] -- Symlinking: /mnt/c/Project/DSS_ROS2/dss_ros2_ws/src/install/dss_cruise_control/share/dss_cruise_control/environment/ament_prefix_path.dsv
[57.589s] -- Symlinking: /mnt/c/Project/DSS_ROS2/dss_ros2_ws/src/install/dss_cruise_control/share/dss_cruise_control/environment/path.sh
[57.668s] -- Symlinking: /mnt/c/Project/DSS_ROS2/dss_ros2_ws/src/install/dss_cruise_control/share/dss_cruise_control/environment/path.dsv
[57.789s] -- Symlinking: /mnt/c/Project/DSS_ROS2/dss_ros2_ws/src/install/dss_cruise_control/share/dss_cruise_control/local_setup.bash
[57.872s] -- Symlinking: /mnt/c/Project/DSS_ROS2/dss_ros2_ws/src/install/dss_cruise_control/share/dss_cruise_control/local_setup.sh
[57.955s] -- Symlinking: /mnt/c/Project/DSS_ROS2/dss_ros2_ws/src/install/dss_cruise_control/share/dss_cruise_control/local_setup.zsh
[58.011s] -- Symlinking: /mnt/c/Project/DSS_ROS2/dss_ros2_ws/src/install/dss_cruise_control/share/dss_cruise_control/local_setup.dsv
[58.091s] -- Symlinking: /mnt/c/Project/DSS_ROS2/dss_ros2_ws/src/install/dss_cruise_control/share/dss_cruise_control/package.dsv
[58.190s] -- Symlinking: /mnt/c/Project/DSS_ROS2/dss_ros2_ws/src/install/dss_cruise_control/share/ament_index/resource_index/packages/dss_cruise_control
[58.300s] -- Symlinking: /mnt/c/Project/DSS_ROS2/dss_ros2_ws/src/install/dss_cruise_control/share/dss_cruise_control/cmake/dss_cruise_controlConfig.cmake
[58.369s] -- Symlinking: /mnt/c/Project/DSS_ROS2/dss_ros2_ws/src/install/dss_cruise_control/share/dss_cruise_control/cmake/dss_cruise_controlConfig-version.cmake
[58.434s] -- Symlinking: /mnt/c/Project/DSS_ROS2/dss_ros2_ws/src/install/dss_cruise_control/share/dss_cruise_control/package.xml
[58.490s] Invoked command in '/mnt/c/Project/DSS_ROS2/dss_ros2_ws/src/build/dss_cruise_control' returned '0': CMAKE_PREFIX_PATH=/opt/ros/humble /usr/bin/cmake --install /mnt/c/Project/DSS_ROS2/dss_ros2_ws/src/build/dss_cruise_control
